TN:
SF:src/components/custom-modal.js
FN:4,<static_initializer>
FN:70,CustomModal
FN:76,onProceedClick
FN:80,onCancelClick
FN:85,render
FNF:5
FNH:5
FNDA:2,<static_initializer>
FNDA:13,CustomModal
FNDA:1,onProceedClick
FNDA:2,onCancelClick
FNDA:16,render
DA:1,2
DA:2,2
DA:3,2
DA:4,2
DA:5,2
DA:6,2
DA:7,2
DA:8,2
DA:9,2
DA:10,2
DA:11,2
DA:12,2
DA:13,2
DA:14,2
DA:15,2
DA:16,2
DA:17,2
DA:18,2
DA:19,2
DA:20,2
DA:21,2
DA:22,2
DA:23,2
DA:24,2
DA:25,2
DA:26,2
DA:27,2
DA:28,2
DA:29,2
DA:30,2
DA:31,2
DA:32,2
DA:33,2
DA:34,2
DA:35,2
DA:36,2
DA:37,2
DA:38,2
DA:39,2
DA:40,2
DA:41,2
DA:42,2
DA:43,2
DA:44,2
DA:45,2
DA:46,2
DA:47,2
DA:48,2
DA:49,2
DA:50,2
DA:51,2
DA:52,2
DA:53,2
DA:54,2
DA:55,2
DA:56,2
DA:57,2
DA:58,2
DA:59,2
DA:60,2
DA:61,2
DA:62,2
DA:63,2
DA:64,2
DA:65,2
DA:66,2
DA:67,2
DA:68,2
DA:69,2
DA:70,2
DA:71,13
DA:72,13
DA:73,13
DA:74,13
DA:75,2
DA:76,2
DA:77,1
DA:78,1
DA:79,2
DA:80,2
DA:81,2
DA:82,2
DA:83,2
DA:84,2
DA:85,2
DA:86,16
DA:87,16
DA:88,16
DA:89,16
DA:90,16
DA:91,16
DA:92,16
DA:93,16
DA:94,16
DA:95,16
DA:96,16
DA:97,16
DA:98,16
DA:99,16
DA:100,16
DA:101,16
DA:102,16
DA:103,16
DA:104,16
DA:105,16
DA:106,16
DA:107,16
DA:108,16
DA:109,2
DA:110,2
DA:111,2
LF:111
LH:111
BRDA:1,0,0,2
BRDA:4,1,0,2
BRDA:70,2,0,13
BRDA:76,3,0,2
BRDA:80,4,0,3
BRDA:85,5,0,16
BRDA:87,6,0,5
BRDA:87,7,0,11
BRF:8
BRH:8
end_of_record
TN:
SF:src/components/list-view.js
FN:5,<static_initializer>
FN:38,ListView
FN:43,onEditClick
FN:47,onDeleteClick
FN:51,render
FNF:5
FNH:5
FNDA:2,<static_initializer>
FNDA:4,ListView
FNDA:1,onEditClick
FNDA:1,onDeleteClick
FNDA:7,render
DA:1,2
DA:2,2
DA:3,2
DA:4,2
DA:5,2
DA:6,2
DA:7,2
DA:8,2
DA:9,2
DA:10,2
DA:11,2
DA:12,2
DA:13,2
DA:14,2
DA:15,2
DA:16,2
DA:17,2
DA:18,2
DA:19,2
DA:20,2
DA:21,2
DA:22,2
DA:23,2
DA:24,2
DA:25,2
DA:26,2
DA:27,2
DA:28,2
DA:29,2
DA:30,2
DA:31,2
DA:32,2
DA:33,2
DA:34,2
DA:35,2
DA:36,2
DA:37,2
DA:38,2
DA:39,4
DA:40,4
DA:41,4
DA:42,2
DA:43,2
DA:44,1
DA:45,1
DA:46,2
DA:47,2
DA:48,1
DA:49,1
DA:50,2
DA:51,2
DA:52,7
DA:53,7
DA:54,7
DA:55,7
DA:56,5
DA:57,5
DA:58,5
DA:59,5
DA:60,5
DA:61,5
DA:62,5
DA:63,5
DA:64,5
DA:65,5
DA:66,5
DA:67,5
DA:68,5
DA:69,5
DA:70,5
DA:71,5
DA:72,5
DA:73,5
DA:74,5
DA:75,5
DA:76,5
DA:77,5
DA:78,5
DA:79,5
DA:80,5
DA:81,5
DA:82,5
DA:83,5
DA:84,5
DA:85,5
DA:86,5
DA:87,5
DA:88,5
DA:89,5
DA:90,5
DA:91,5
DA:92,5
DA:93,5
DA:94,5
DA:95,5
DA:96,5
DA:97,5
DA:98,7
DA:99,7
DA:100,7
DA:101,7
DA:102,2
DA:103,2
DA:104,2
LF:104
LH:104
BRDA:1,0,0,2
BRDA:5,1,0,2
BRDA:38,2,0,4
BRDA:51,3,0,7
BRDA:55,4,0,5
BRDA:43,5,0,2
BRDA:47,6,0,2
BRDA:67,7,0,3
BRDA:82,8,0,3
BRF:9
BRH:9
end_of_record
TN:
SF:src/components/navigation-bar.js
FN:5,<static_initializer>
FN:39,NavigationBar
FN:46,toggleLanguage
FN:50,render
FNF:4
FNH:4
FNDA:2,<static_initializer>
FNDA:11,NavigationBar
FNDA:2,toggleLanguage
FNDA:21,render
DA:1,2
DA:2,2
DA:3,2
DA:4,2
DA:5,2
DA:6,2
DA:7,2
DA:8,2
DA:9,2
DA:10,2
DA:11,2
DA:12,2
DA:13,2
DA:14,2
DA:15,2
DA:16,2
DA:17,2
DA:18,2
DA:19,2
DA:20,2
DA:21,2
DA:22,2
DA:23,2
DA:24,2
DA:25,2
DA:26,2
DA:27,2
DA:28,2
DA:29,2
DA:30,2
DA:31,2
DA:32,2
DA:33,2
DA:34,2
DA:35,2
DA:36,2
DA:37,2
DA:38,2
DA:39,2
DA:40,11
DA:41,11
DA:42,8
DA:43,11
DA:44,11
DA:45,2
DA:46,2
DA:47,2
DA:48,2
DA:49,2
DA:50,2
DA:51,21
DA:52,21
DA:53,21
DA:54,21
DA:55,21
DA:56,21
DA:57,21
DA:58,21
DA:59,21
DA:60,21
DA:61,21
DA:62,21
DA:63,21
DA:64,21
DA:65,21
DA:66,21
DA:67,21
DA:68,21
DA:69,21
DA:70,21
DA:71,21
DA:72,21
DA:73,21
DA:74,21
DA:75,21
DA:76,21
DA:77,21
DA:78,21
DA:79,21
DA:80,21
DA:81,21
DA:82,21
DA:83,21
DA:84,21
DA:85,21
DA:86,21
DA:87,2
DA:88,2
DA:89,2
LF:89
LH:89
BRDA:1,0,0,2
BRDA:5,1,0,2
BRDA:39,2,0,11
BRDA:50,3,0,21
BRDA:69,4,0,10
BRDA:76,5,0,10
BRDA:41,6,0,15
BRDA:46,7,0,3
BRDA:69,8,0,11
BRDA:76,9,0,11
BRDA:81,10,0,8
BRDA:82,11,0,8
BRF:12
BRH:12
end_of_record
TN:
SF:src/components/pagination-element.js
FN:4,<static_initializer>
FN:32,PaginationElement
FN:38,updatePage
FN:47,getPages
FN:78,render
FNF:5
FNH:5
FNDA:2,<static_initializer>
FNDA:13,PaginationElement
FNDA:2,updatePage
FNDA:18,getPages
FNDA:18,render
DA:1,2
DA:2,2
DA:3,2
DA:4,2
DA:5,2
DA:6,2
DA:7,2
DA:8,2
DA:9,2
DA:10,2
DA:11,2
DA:12,2
DA:13,2
DA:14,2
DA:15,2
DA:16,2
DA:17,2
DA:18,2
DA:19,2
DA:20,2
DA:21,2
DA:22,2
DA:23,2
DA:24,2
DA:25,2
DA:26,2
DA:27,2
DA:28,2
DA:29,2
DA:30,2
DA:31,2
DA:32,2
DA:33,13
DA:34,13
DA:35,13
DA:36,13
DA:37,2
DA:38,2
DA:39,2
DA:40,2
DA:41,2
DA:42,2
DA:43,2
DA:44,2
DA:45,2
DA:46,2
DA:47,2
DA:48,18
DA:49,18
DA:50,18
DA:51,18
DA:52,8
DA:53,8
DA:54,8
DA:55,18
DA:56,10
DA:57,10
DA:58,10
DA:59,2
DA:60,2
DA:61,10
DA:62,10
DA:63,10
DA:64,10
DA:65,10
DA:66,14
DA:67,14
DA:68,10
DA:69,10
DA:70,9
DA:71,9
DA:72,10
DA:73,10
DA:74,10
DA:75,18
DA:76,18
DA:77,2
DA:78,2
DA:79,18
DA:80,18
DA:81,18
DA:82,18
DA:83,18
DA:84,18
DA:85,18
DA:86,18
DA:87,18
DA:88,18
DA:89,53
DA:90,53
DA:91,53
DA:92,53
DA:93,53
DA:94,53
DA:95,53
DA:96,53
DA:97,53
DA:98,53
DA:99,18
DA:100,18
DA:101,18
DA:102,18
DA:103,18
DA:104,18
DA:105,18
DA:106,18
DA:107,18
DA:108,18
DA:109,18
DA:110,18
DA:111,2
DA:112,2
DA:113,2
LF:113
LH:113
BRDA:1,0,0,2
BRDA:4,1,0,2
BRDA:32,2,0,13
BRDA:47,3,0,18
BRDA:55,4,0,10
BRDA:78,5,0,18
BRDA:82,6,0,13
BRDA:82,7,0,5
BRDA:102,8,0,8
BRDA:103,9,0,10
BRDA:88,10,0,53
BRDA:91,11,0,17
BRDA:92,12,0,36
BRDA:92,13,0,11
BRDA:38,14,0,3
BRDA:51,15,0,8
BRDA:58,16,0,2
BRDA:65,17,0,14
BRDA:69,18,0,9
BRDA:92,19,0,42
BRDA:93,20,0,10
BRDA:94,21,0,8
BRF:22
BRH:22
end_of_record
TN:
SF:src/components/table-view.js
FN:5,<static_initializer>
FN:41,TableView
FN:46,onEditClick
FN:50,onDeleteClick
FN:54,render
FNF:5
FNH:5
FNDA:2,<static_initializer>
FNDA:10,TableView
FNDA:1,onEditClick
FNDA:1,onDeleteClick
FNDA:14,render
DA:1,2
DA:2,2
DA:3,2
DA:4,2
DA:5,2
DA:6,2
DA:7,2
DA:8,2
DA:9,2
DA:10,2
DA:11,2
DA:12,2
DA:13,2
DA:14,2
DA:15,2
DA:16,2
DA:17,2
DA:18,2
DA:19,2
DA:20,2
DA:21,2
DA:22,2
DA:23,2
DA:24,2
DA:25,2
DA:26,2
DA:27,2
DA:28,2
DA:29,2
DA:30,2
DA:31,2
DA:32,2
DA:33,2
DA:34,2
DA:35,2
DA:36,2
DA:37,2
DA:38,2
DA:39,2
DA:40,2
DA:41,2
DA:42,10
DA:43,10
DA:44,10
DA:45,2
DA:46,2
DA:47,1
DA:48,1
DA:49,2
DA:50,2
DA:51,1
DA:52,1
DA:53,2
DA:54,2
DA:55,14
DA:56,14
DA:57,14
DA:58,14
DA:59,14
DA:60,14
DA:61,14
DA:62,14
DA:63,14
DA:64,14
DA:65,14
DA:66,14
DA:67,14
DA:68,14
DA:69,14
DA:70,14
DA:71,22
DA:72,22
DA:73,22
DA:74,22
DA:75,22
DA:76,22
DA:77,22
DA:78,22
DA:79,22
DA:80,22
DA:81,22
DA:82,22
DA:83,22
DA:84,22
DA:85,22
DA:86,22
DA:87,22
DA:88,22
DA:89,22
DA:90,22
DA:91,22
DA:92,22
DA:93,22
DA:94,22
DA:95,22
DA:96,22
DA:97,22
DA:98,22
DA:99,22
DA:100,22
DA:101,22
DA:102,22
DA:103,22
DA:104,22
DA:105,22
DA:106,22
DA:107,22
DA:108,22
DA:109,22
DA:110,22
DA:111,22
DA:112,22
DA:113,22
DA:114,22
DA:115,22
DA:116,22
DA:117,22
DA:118,14
DA:119,14
DA:120,14
DA:121,14
DA:122,14
DA:123,2
DA:124,2
DA:125,2
LF:125
LH:125
BRDA:1,0,0,2
BRDA:5,1,0,2
BRDA:41,2,0,10
BRDA:54,3,0,14
BRDA:70,4,0,22
BRDA:46,5,0,2
BRDA:50,6,0,2
BRDA:87,7,0,19
BRDA:102,8,0,19
BRF:9
BRH:9
end_of_record
TN:
SF:src/localization/localization.js
FN:4,getTranslation
FN:9,setLanguage
FNF:2
FNH:2
FNDA:426,getTranslation
FNDA:2,setLanguage
DA:1,5
DA:2,5
DA:3,5
DA:4,5
DA:5,426
DA:6,426
DA:7,5
DA:8,5
DA:9,5
DA:10,2
DA:11,2
DA:12,5
DA:13,5
LF:13
LH:13
BRDA:1,0,0,5
BRDA:4,1,0,426
BRDA:6,2,0,4
BRDA:5,3,0,410
BRDA:9,4,0,6
BRF:5
BRH:5
end_of_record
TN:
SF:src/localization/translations.js
FNF:0
FNH:0
DA:1,5
DA:2,5
DA:3,5
DA:4,5
DA:5,5
DA:6,5
DA:7,5
DA:8,5
DA:9,5
DA:10,5
DA:11,5
DA:12,5
DA:13,5
DA:14,5
DA:15,5
DA:16,5
DA:17,5
DA:18,5
DA:19,5
DA:20,5
DA:21,5
DA:22,5
DA:23,5
DA:24,5
DA:25,5
DA:26,5
DA:27,5
DA:28,5
DA:29,5
DA:30,5
DA:31,5
DA:32,5
DA:33,5
DA:34,5
DA:35,5
DA:36,5
DA:37,5
DA:38,5
DA:39,5
DA:40,5
DA:41,5
DA:42,5
DA:43,5
DA:44,5
DA:45,5
DA:46,5
DA:47,5
DA:48,5
DA:49,5
DA:50,5
LF:50
LH:50
BRDA:1,0,0,5
BRF:1
BRH:1
end_of_record
TN:
SF:src/pages/create-employee-form.js
FN:5,<static_initializer>
FN:57,CreateEmployeeForm
FN:88,connectedCallback
FN:94,updated
FN:100,loadEmployeeData
FN:107,handleInputChange
FN:112,navigateBack
FN:117,handleSubmit
FN:147,handleModalProceed
FN:161,handleModalCancel
FN:165,render
FNF:11
FNH:10
FNDA:1,<static_initializer>
FNDA:4,CreateEmployeeForm
FNDA:4,connectedCallback
FNDA:12,updated
FNDA:4,loadEmployeeData
FNDA:1,handleInputChange
FNDA:1,navigateBack
FNDA:1,handleSubmit
FNDA:0,handleModalProceed
FNDA:1,handleModalCancel
FNDA:12,render
DA:1,1
DA:2,1
DA:3,1
DA:4,1
DA:5,1
DA:6,1
DA:7,1
DA:8,1
DA:9,1
DA:10,1
DA:11,1
DA:12,1
DA:13,1
DA:14,1
DA:15,1
DA:16,1
DA:17,1
DA:18,1
DA:19,1
DA:20,1
DA:21,1
DA:22,1
DA:23,1
DA:24,1
DA:25,1
DA:26,1
DA:27,1
DA:28,1
DA:29,1
DA:30,1
DA:31,1
DA:32,1
DA:33,1
DA:34,1
DA:35,1
DA:36,1
DA:37,1
DA:38,1
DA:39,1
DA:40,1
DA:41,1
DA:42,1
DA:43,1
DA:44,1
DA:45,1
DA:46,1
DA:47,1
DA:48,1
DA:49,1
DA:50,1
DA:51,1
DA:52,1
DA:53,1
DA:54,1
DA:55,1
DA:56,1
DA:57,1
DA:58,4
DA:59,4
DA:60,4
DA:61,4
DA:62,4
DA:63,4
DA:64,4
DA:65,4
DA:66,4
DA:67,4
DA:68,4
DA:69,4
DA:70,4
DA:71,4
DA:72,4
DA:73,4
DA:74,4
DA:75,4
DA:76,4
DA:77,4
DA:78,4
DA:79,4
DA:80,4
DA:81,4
DA:82,4
DA:83,4
DA:84,0
DA:85,4
DA:86,4
DA:87,1
DA:88,1
DA:89,4
DA:90,4
DA:91,4
DA:92,4
DA:93,1
DA:94,1
DA:95,12
DA:96,4
DA:97,4
DA:98,12
DA:99,1
DA:100,1
DA:101,4
DA:102,4
DA:103,4
DA:104,0
DA:105,4
DA:106,1
DA:107,1
DA:108,1
DA:109,1
DA:110,1
DA:111,1
DA:112,1
DA:113,1
DA:114,1
DA:115,1
DA:116,1
DA:117,1
DA:118,1
DA:119,1
DA:120,1
DA:121,0
DA:122,0
DA:123,0
DA:124,1
DA:125,1
DA:126,1
DA:127,1
DA:128,1
DA:129,1
DA:130,1
DA:131,1
DA:132,1
DA:133,0
DA:134,0
DA:135,1
DA:136,1
DA:137,0
DA:138,0
DA:139,0
DA:140,1
DA:141,1
DA:142,1
DA:143,1
DA:144,1
DA:145,1
DA:146,1
DA:147,1
DA:148,0
DA:149,0
DA:150,0
DA:151,0
DA:152,0
DA:153,0
DA:154,0
DA:155,0
DA:156,0
DA:157,0
DA:158,0
DA:159,0
DA:160,1
DA:161,1
DA:162,1
DA:163,1
DA:164,1
DA:165,1
DA:166,12
DA:167,12
DA:168,12
DA:169,12
DA:170,12
DA:171,12
DA:172,12
DA:173,12
DA:174,12
DA:175,12
DA:176,12
DA:177,12
DA:178,12
DA:179,12
DA:180,12
DA:181,12
DA:182,12
DA:183,12
DA:184,12
DA:185,12
DA:186,12
DA:187,12
DA:188,12
DA:189,12
DA:190,12
DA:191,12
DA:192,12
DA:193,12
DA:194,12
DA:195,12
DA:196,12
DA:197,12
DA:198,12
DA:199,12
DA:200,12
DA:201,12
DA:202,12
DA:203,12
DA:204,12
DA:205,12
DA:206,12
DA:207,12
DA:208,12
DA:209,12
DA:210,12
DA:211,12
DA:212,12
DA:213,12
DA:214,12
DA:215,12
DA:216,12
DA:217,12
DA:218,12
DA:219,12
DA:220,12
DA:221,12
DA:222,12
DA:223,12
DA:224,12
DA:225,12
DA:226,12
DA:227,12
DA:228,12
DA:229,12
DA:230,12
DA:231,12
DA:232,12
DA:233,12
DA:234,12
DA:235,12
DA:236,12
DA:237,12
DA:238,12
DA:239,12
DA:240,12
DA:241,12
DA:242,12
DA:243,12
DA:244,12
DA:245,12
DA:246,12
DA:247,12
DA:248,12
DA:249,12
DA:250,12
DA:251,12
DA:252,12
DA:253,12
DA:254,12
DA:255,12
DA:256,12
DA:257,12
DA:258,12
DA:259,12
DA:260,12
DA:261,12
DA:262,12
DA:263,12
DA:264,12
DA:265,12
DA:266,12
DA:267,12
DA:268,12
DA:269,12
DA:270,12
DA:271,12
DA:272,12
DA:273,12
DA:274,12
DA:275,12
DA:276,1
DA:277,1
DA:278,1
LF:278
LH:256
BRDA:1,0,0,1
BRDA:5,1,0,1
BRDA:57,2,0,4
BRDA:88,3,0,4
BRDA:94,4,0,12
BRDA:95,5,0,4
BRDA:100,6,0,4
BRDA:101,7,0,0
BRDA:104,8,0,0
BRDA:107,9,0,1
BRDA:112,10,0,1
BRDA:117,11,0,1
BRDA:120,12,0,0
BRDA:132,13,0,0
BRDA:136,14,0,0
BRDA:126,15,0,1
BRDA:129,16,0,1
BRDA:129,17,0,1
BRDA:161,18,0,1
BRDA:165,19,0,12
BRDA:179,20,0,0
BRDA:270,21,0,0
BRF:22
BRH:15
end_of_record
TN:
SF:src/pages/employee-list.js
FN:10,<static_initializer>
FN:82,EmployeeList
FN:91,EmployeeList.modalAction
FN:98,updateSearch
FN:103,switchView
FN:107,deleteEmployee
FN:115,modalAction
FN:119,confirmDelete
FN:126,get filteredEmployees
FN:134,get paginatedEmployees
FN:139,navigateToNewEmployee
FN:145,navigateToEditEmployee
FN:149,handleModalProceed
FN:156,handleModalCancel
FN:160,render
FNF:15
FNH:9
FNDA:1,<static_initializer>
FNDA:7,EmployeeList
FNDA:0,EmployeeList.modalAction
FNDA:1,updateSearch
FNDA:1,switchView
FNDA:1,deleteEmployee
FNDA:0,modalAction
FNDA:1,confirmDelete
FNDA:38,get filteredEmployees
FNDA:12,get paginatedEmployees
FNDA:0,navigateToNewEmployee
FNDA:0,navigateToEditEmployee
FNDA:0,handleModalProceed
FNDA:0,handleModalCancel
FNDA:12,render
DA:1,1
DA:2,1
DA:3,1
DA:4,1
DA:5,1
DA:6,1
DA:7,1
DA:8,1
DA:9,1
DA:10,1
DA:11,1
DA:12,1
DA:13,1
DA:14,1
DA:15,1
DA:16,1
DA:17,1
DA:18,1
DA:19,1
DA:20,1
DA:21,1
DA:22,1
DA:23,1
DA:24,1
DA:25,1
DA:26,1
DA:27,1
DA:28,1
DA:29,1
DA:30,1
DA:31,1
DA:32,1
DA:33,1
DA:34,1
DA:35,1
DA:36,1
DA:37,1
DA:38,1
DA:39,1
DA:40,1
DA:41,1
DA:42,1
DA:43,1
DA:44,1
DA:45,1
DA:46,1
DA:47,1
DA:48,1
DA:49,1
DA:50,1
DA:51,1
DA:52,1
DA:53,1
DA:54,1
DA:55,1
DA:56,1
DA:57,1
DA:58,1
DA:59,1
DA:60,1
DA:61,1
DA:62,1
DA:63,1
DA:64,1
DA:65,1
DA:66,1
DA:67,1
DA:68,1
DA:69,1
DA:70,1
DA:71,1
DA:72,1
DA:73,1
DA:74,1
DA:75,1
DA:76,1
DA:77,1
DA:78,1
DA:79,1
DA:80,1
DA:81,1
DA:82,1
DA:83,7
DA:84,7
DA:85,7
DA:86,7
DA:87,7
DA:88,7
DA:89,7
DA:90,7
DA:91,7
DA:92,7
DA:93,7
DA:94,0
DA:95,7
DA:96,7
DA:97,1
DA:98,1
DA:99,1
DA:100,1
DA:101,1
DA:102,1
DA:103,1
DA:104,1
DA:105,1
DA:106,1
DA:107,1
DA:108,1
DA:109,1
DA:110,1
DA:111,1
DA:112,1
DA:113,1
DA:114,1
DA:115,1
DA:116,1
DA:117,1
DA:118,1
DA:119,1
DA:120,1
DA:121,1
DA:122,1
DA:123,1
DA:124,1
DA:125,1
DA:126,1
DA:127,38
DA:128,73
DA:129,73
DA:130,73
DA:131,38
DA:132,38
DA:133,1
DA:134,1
DA:135,12
DA:136,12
DA:137,12
DA:138,1
DA:139,1
DA:140,0
DA:141,0
DA:142,0
DA:143,0
DA:144,1
DA:145,1
DA:146,0
DA:147,0
DA:148,1
DA:149,1
DA:150,0
DA:151,0
DA:152,0
DA:153,0
DA:154,0
DA:155,1
DA:156,1
DA:157,0
DA:158,0
DA:159,1
DA:160,1
DA:161,12
DA:162,12
DA:163,12
DA:164,12
DA:165,12
DA:166,12
DA:167,12
DA:168,12
DA:169,12
DA:170,12
DA:171,12
DA:172,12
DA:173,12
DA:174,12
DA:175,12
DA:176,12
DA:177,12
DA:178,12
DA:179,12
DA:180,12
DA:181,12
DA:182,12
DA:183,12
DA:184,12
DA:185,12
DA:186,12
DA:187,12
DA:188,12
DA:189,12
DA:190,12
DA:191,12
DA:192,12
DA:193,12
DA:194,12
DA:195,12
DA:196,12
DA:197,12
DA:198,12
DA:199,12
DA:200,12
DA:201,12
DA:202,12
DA:203,12
DA:204,12
DA:205,12
DA:206,11
DA:207,11
DA:208,11
DA:209,11
DA:210,12
DA:211,1
DA:212,1
DA:213,1
DA:214,12
DA:215,12
DA:216,12
DA:217,12
DA:218,12
DA:219,12
DA:220,12
DA:221,12
DA:222,12
DA:223,12
DA:224,12
DA:225,12
DA:226,12
DA:227,12
DA:228,12
DA:229,12
DA:230,12
DA:231,1
DA:232,1
DA:233,1
LF:233
LH:219
BRDA:1,0,0,1
BRDA:10,1,0,1
BRDA:82,2,0,7
BRDA:84,3,0,0
BRDA:98,4,0,1
BRDA:103,5,0,1
BRDA:107,6,0,1
BRDA:110,7,0,1
BRDA:119,8,0,1
BRDA:120,9,0,2
BRDA:126,10,0,38
BRDA:127,11,0,73
BRDA:134,12,0,12
BRDA:160,13,0,12
BRDA:181,14,0,11
BRDA:181,15,0,1
BRDA:192,16,0,1
BRDA:192,17,0,11
BRDA:205,18,0,11
BRDA:210,19,0,1
BRDA:227,20,0,0
BRDA:193,21,0,1
BRDA:223,22,0,1
BRF:23
BRH:21
end_of_record
